<?xml version="1.0" encoding="utf-8"?><testsuites name="pytest tests"><testsuite name="pytest" errors="0" failures="0" skipped="0" tests="10" time="2.709" timestamp="2026-06-05T01:43:19.542733+00:00" hostname="agent-env-64f26f5e-ae8a-4fdd-8d69-21dbdfae4220"><testcase classname="backend.tests.test_layer_api.TestDevToken" name="test_dev_token_master_admin" time="0.189" /><testcase classname="backend.tests.test_layer_api.TestSmoke" name="test_smoke_master_admin" time="0.208" /><testcase classname="backend.tests.test_layer_api.TestStatus" name="test_status_master_admin" time="0.172" /><testcase classname="backend.tests.test_layer_api.TestStatus" name="test_status_no_auth_401" time="0.185" /><testcase classname="backend.tests.test_layer_api.TestStatus" name="test_status_employee_403" time="0.329" /><testcase classname="backend.tests.test_layer_api.TestSetupTenant" name="test_setup_tenant1_and_idempotent" time="0.296" /><testcase classname="backend.tests.test_layer_api.TestSetupTenant" name="test_setup_tenant2_isolated" time="0.591" /><testcase classname="backend.tests.test_layer_api.TestBusinessToken" name="test_business_token_master_admin" time="0.327" /><testcase classname="backend.tests.test_layer_api.TestBusinessToken" name="test_business_token_employee_403" time="0.148" /><testcase classname="backend.tests.test_layer_api.TestClientError" name="test_client_error_master_admin" time="0.151" /></testsuite></testsuites>